{"/home/illian/Projects/TimeVue/back_end/build/api/models/User/IUser.interface.js": {"path":"/home/illian/Projects/TimeVue/back_end/build/api/models/User/IUser.interface.js","all":false,"statementMap":{"0":{"start":{"line":1,"column":0},"end":{"line":1,"column":13}},"1":{"start":{"line":2,"column":0},"end":{"line":2,"column":72}},"2":{"start":{"line":3,"column":0},"end":{"line":3,"column":62}},"3":{"start":{"line":4,"column":0},"end":{"line":4,"column":2}},"4":{"start":{"line":5,"column":0},"end":{"line":5,"column":62}},"5":{"start":{"line":6,"column":0},"end":{"line":6,"column":27}},"6":{"start":{"line":7,"column":0},"end":{"line":7,"column":65}},"7":{"start":{"line":8,"column":0},"end":{"line":8,"column":50}},"8":{"start":{"line":9,"column":0},"end":{"line":9,"column":13}},"9":{"start":{"line":10,"column":0},"end":{"line":10,"column":19}},"10":{"start":{"line":11,"column":0},"end":{"line":11,"column":27}},"11":{"start":{"line":12,"column":0},"end":{"line":12,"column":25}},"12":{"start":{"line":13,"column":0},"end":{"line":13,"column":28}},"13":{"start":{"line":14,"column":0},"end":{"line":14,"column":3}}},"s":{"0":1,"1":1,"2":1,"3":1,"4":1,"5":1,"6":1,"7":1,"8":1,"9":1,"10":1,"11":1,"12":1,"13":1},"branchMap":{"0":{"type":"branch","line":2,"loc":{"start":{"line":2,"column":56},"end":{"line":4,"column":2}},"locations":[{"start":{"line":2,"column":56},"end":{"line":4,"column":2}}]},"1":{"type":"branch","line":3,"loc":{"start":{"line":3,"column":11},"end":{"line":3,"column":45}},"locations":[{"start":{"line":3,"column":11},"end":{"line":3,"column":45}}]}},"b":{"0":[1],"1":[0]},"fnMap":{"0":{"name":"Object.<anonymous>.__importDefault","decl":{"start":{"line":2,"column":56},"end":{"line":4,"column":2}},"loc":{"start":{"line":2,"column":56},"end":{"line":4,"column":2}},"line":2}},"f":{"0":1}}
,"/home/illian/Projects/TimeVue/back_end/build/api/models/User/UserModel.js": {"path":"/home/illian/Projects/TimeVue/back_end/build/api/models/User/UserModel.js","all":false,"statementMap":{"0":{"start":{"line":1,"column":0},"end":{"line":1,"column":13}},"1":{"start":{"line":2,"column":0},"end":{"line":2,"column":88}},"2":{"start":{"line":3,"column":0},"end":{"line":3,"column":129}},"3":{"start":{"line":4,"column":0},"end":{"line":4,"column":131}},"4":{"start":{"line":5,"column":0},"end":{"line":5,"column":150}},"5":{"start":{"line":6,"column":0},"end":{"line":6,"column":66}},"6":{"start":{"line":7,"column":0},"end":{"line":7,"column":2}},"7":{"start":{"line":8,"column":0},"end":{"line":8,"column":63}},"8":{"start":{"line":9,"column":0},"end":{"line":9,"column":109}},"9":{"start":{"line":10,"column":0},"end":{"line":10,"column":2}},"10":{"start":{"line":11,"column":0},"end":{"line":11,"column":74}},"11":{"start":{"line":12,"column":0},"end":{"line":12,"column":73}},"12":{"start":{"line":13,"column":0},"end":{"line":13,"column":2}},"13":{"start":{"line":14,"column":0},"end":{"line":14,"column":90}},"14":{"start":{"line":15,"column":0},"end":{"line":15,"column":112}},"15":{"start":{"line":16,"column":0},"end":{"line":16,"column":64}},"16":{"start":{"line":17,"column":0},"end":{"line":17,"column":99}},"17":{"start":{"line":18,"column":0},"end":{"line":18,"column":102}},"18":{"start":{"line":19,"column":0},"end":{"line":19,"column":118}},"19":{"start":{"line":20,"column":0},"end":{"line":20,"column":78}},"20":{"start":{"line":21,"column":0},"end":{"line":21,"column":7}},"21":{"start":{"line":22,"column":0},"end":{"line":22,"column":2}},"22":{"start":{"line":23,"column":0},"end":{"line":23,"column":72}},"23":{"start":{"line":24,"column":0},"end":{"line":24,"column":62}},"24":{"start":{"line":25,"column":0},"end":{"line":25,"column":2}},"25":{"start":{"line":26,"column":0},"end":{"line":26,"column":62}},"26":{"start":{"line":27,"column":0},"end":{"line":27,"column":55}},"27":{"start":{"line":28,"column":0},"end":{"line":28,"column":41}},"28":{"start":{"line":29,"column":0},"end":{"line":29,"column":88}},"29":{"start":{"line":30,"column":0},"end":{"line":30,"column":31}},"30":{"start":{"line":31,"column":0},"end":{"line":31,"column":33}},"31":{"start":{"line":32,"column":0},"end":{"line":32,"column":23}},"32":{"start":{"line":33,"column":0},"end":{"line":33,"column":25}},"33":{"start":{"line":34,"column":0},"end":{"line":34,"column":5}},"34":{"start":{"line":35,"column":0},"end":{"line":35,"column":12}},"35":{"start":{"line":36,"column":0},"end":{"line":36,"column":61}},"36":{"start":{"line":37,"column":0},"end":{"line":37,"column":83}},"37":{"start":{"line":38,"column":0},"end":{"line":38,"column":11}},"38":{"start":{"line":39,"column":0},"end":{"line":39,"column":5}},"39":{"start":{"line":40,"column":0},"end":{"line":40,"column":18}},"40":{"start":{"line":41,"column":0},"end":{"line":41,"column":61}},"41":{"start":{"line":42,"column":0},"end":{"line":42,"column":47}},"42":{"start":{"line":43,"column":0},"end":{"line":43,"column":71}},"43":{"start":{"line":44,"column":0},"end":{"line":44,"column":56}},"44":{"start":{"line":45,"column":0},"end":{"line":45,"column":35}},"45":{"start":{"line":46,"column":0},"end":{"line":46,"column":11}},"46":{"start":{"line":47,"column":0},"end":{"line":47,"column":5}},"47":{"start":{"line":48,"column":0},"end":{"line":48,"column":18}},"48":{"start":{"line":49,"column":0},"end":{"line":49,"column":61}},"49":{"start":{"line":50,"column":0},"end":{"line":50,"column":17}},"50":{"start":{"line":51,"column":0},"end":{"line":51,"column":79}},"51":{"start":{"line":52,"column":0},"end":{"line":52,"column":59}},"52":{"start":{"line":53,"column":0},"end":{"line":53,"column":31}},"53":{"start":{"line":54,"column":0},"end":{"line":54,"column":13}},"54":{"start":{"line":55,"column":0},"end":{"line":55,"column":27}},"55":{"start":{"line":56,"column":0},"end":{"line":56,"column":28}},"56":{"start":{"line":57,"column":0},"end":{"line":57,"column":13}},"57":{"start":{"line":58,"column":0},"end":{"line":58,"column":11}},"58":{"start":{"line":59,"column":0},"end":{"line":59,"column":5}},"59":{"start":{"line":60,"column":0},"end":{"line":60,"column":29}},"60":{"start":{"line":61,"column":0},"end":{"line":61,"column":61}},"61":{"start":{"line":62,"column":0},"end":{"line":62,"column":68}},"62":{"start":{"line":63,"column":0},"end":{"line":63,"column":71}},"63":{"start":{"line":64,"column":0},"end":{"line":64,"column":37}},"64":{"start":{"line":65,"column":0},"end":{"line":65,"column":11}},"65":{"start":{"line":66,"column":0},"end":{"line":66,"column":5}},"66":{"start":{"line":67,"column":0},"end":{"line":67,"column":16}},"67":{"start":{"line":68,"column":0},"end":{"line":68,"column":61}},"68":{"start":{"line":69,"column":0},"end":{"line":69,"column":69}},"69":{"start":{"line":70,"column":0},"end":{"line":70,"column":70}},"70":{"start":{"line":71,"column":0},"end":{"line":71,"column":23}},"71":{"start":{"line":72,"column":0},"end":{"line":72,"column":11}},"72":{"start":{"line":73,"column":0},"end":{"line":73,"column":5}},"73":{"start":{"line":74,"column":0},"end":{"line":74,"column":46}},"74":{"start":{"line":75,"column":0},"end":{"line":75,"column":61}},"75":{"start":{"line":76,"column":0},"end":{"line":76,"column":43}},"76":{"start":{"line":77,"column":0},"end":{"line":77,"column":142}},"77":{"start":{"line":78,"column":0},"end":{"line":78,"column":56}},"78":{"start":{"line":79,"column":0},"end":{"line":79,"column":11}},"79":{"start":{"line":80,"column":0},"end":{"line":80,"column":5}},"80":{"start":{"line":81,"column":0},"end":{"line":81,"column":32}},"81":{"start":{"line":82,"column":0},"end":{"line":82,"column":61}},"82":{"start":{"line":83,"column":0},"end":{"line":83,"column":43}},"83":{"start":{"line":84,"column":0},"end":{"line":84,"column":85}},"84":{"start":{"line":85,"column":0},"end":{"line":85,"column":56}},"85":{"start":{"line":86,"column":0},"end":{"line":86,"column":11}},"86":{"start":{"line":87,"column":0},"end":{"line":87,"column":5}},"87":{"start":{"line":88,"column":0},"end":{"line":88,"column":30}},"88":{"start":{"line":89,"column":0},"end":{"line":89,"column":61}},"89":{"start":{"line":90,"column":0},"end":{"line":90,"column":43}},"90":{"start":{"line":91,"column":0},"end":{"line":91,"column":83}},"91":{"start":{"line":92,"column":0},"end":{"line":92,"column":56}},"92":{"start":{"line":93,"column":0},"end":{"line":93,"column":11}},"93":{"start":{"line":94,"column":0},"end":{"line":94,"column":5}},"94":{"start":{"line":95,"column":0},"end":{"line":95,"column":24}},"95":{"start":{"line":96,"column":0},"end":{"line":96,"column":61}},"96":{"start":{"line":97,"column":0},"end":{"line":97,"column":47}},"97":{"start":{"line":98,"column":0},"end":{"line":98,"column":77}},"98":{"start":{"line":99,"column":0},"end":{"line":99,"column":56}},"99":{"start":{"line":100,"column":0},"end":{"line":100,"column":35}},"100":{"start":{"line":101,"column":0},"end":{"line":101,"column":11}},"101":{"start":{"line":102,"column":0},"end":{"line":102,"column":5}},"102":{"start":{"line":103,"column":0},"end":{"line":103,"column":2}},"103":{"start":{"line":104,"column":0},"end":{"line":104,"column":24}},"104":{"start":{"line":105,"column":0},"end":{"line":105,"column":34}},"105":{"start":{"line":106,"column":0},"end":{"line":106,"column":73}},"106":{"start":{"line":107,"column":0},"end":{"line":107,"column":47}},"107":{"start":{"line":108,"column":0},"end":{"line":108,"column":14}},"108":{"start":{"line":109,"column":0},"end":{"line":109,"column":28}}},"s":{"0":1,"1":1,"2":1,"3":1,"4":1,"5":1,"6":1,"7":1,"8":1,"9":1,"10":1,"11":1,"12":1,"13":1,"14":18,"15":18,"16":18,"17":18,"18":18,"19":18,"20":18,"21":18,"22":1,"23":1,"24":1,"25":1,"26":1,"27":1,"28":1,"29":1,"30":1,"31":1,"32":1,"33":1,"34":1,"35":4,"36":4,"37":4,"38":4,"39":1,"40":3,"41":3,"42":3,"43":3,"44":3,"45":3,"46":3,"47":1,"48":2,"49":2,"50":2,"51":1,"52":1,"53":1,"54":1,"55":1,"56":1,"57":2,"58":2,"59":1,"60":0,"61":0,"62":0,"63":0,"64":0,"65":0,"66":1,"67":1,"68":1,"69":1,"70":1,"71":1,"72":1,"73":1,"74":2,"75":2,"76":2,"77":2,"78":2,"79":2,"80":1,"81":2,"82":2,"83":2,"84":2,"85":2,"86":2,"87":1,"88":2,"89":2,"90":2,"91":2,"92":2,"93":2,"94":1,"95":2,"96":2,"97":2,"98":2,"99":2,"100":2,"101":2,"102":1,"103":1,"104":1,"105":1,"106":1,"107":1,"108":1},"branchMap":{"0":{"type":"branch","line":2,"loc":{"start":{"line":2,"column":46},"end":{"line":7,"column":2}},"locations":[{"start":{"line":2,"column":46},"end":{"line":7,"column":2}}]},"1":{"type":"branch","line":3,"loc":{"start":{"line":3,"column":34},"end":{"line":3,"column":127}},"locations":[{"start":{"line":3,"column":34},"end":{"line":3,"column":127}}]},"2":{"type":"branch","line":4,"loc":{"start":{"line":4,"column":4},"end":{"line":5,"column":82}},"locations":[{"start":{"line":4,"column":4},"end":{"line":5,"column":82}}]},"3":{"type":"branch","line":6,"loc":{"start":{"line":6,"column":11},"end":{"line":6,"column":25}},"locations":[{"start":{"line":6,"column":11},"end":{"line":6,"column":25}}]},"4":{"type":"branch","line":6,"loc":{"start":{"line":6,"column":11},"end":{"line":6,"column":31}},"locations":[{"start":{"line":6,"column":11},"end":{"line":6,"column":31}}]},"5":{"type":"branch","line":8,"loc":{"start":{"line":8,"column":46},"end":{"line":10,"column":2}},"locations":[{"start":{"line":8,"column":46},"end":{"line":10,"column":2}}]},"6":{"type":"branch","line":11,"loc":{"start":{"line":11,"column":40},"end":{"line":13,"column":2}},"locations":[{"start":{"line":11,"column":40},"end":{"line":13,"column":2}}]},"7":{"type":"branch","line":12,"loc":{"start":{"line":12,"column":11},"end":{"line":12,"column":73}},"locations":[{"start":{"line":12,"column":11},"end":{"line":12,"column":73}}]},"8":{"type":"branch","line":14,"loc":{"start":{"line":14,"column":44},"end":{"line":22,"column":2}},"locations":[{"start":{"line":14,"column":44},"end":{"line":22,"column":2}}]},"9":{"type":"branch","line":15,"loc":{"start":{"line":15,"column":4},"end":{"line":15,"column":112}},"locations":[{"start":{"line":15,"column":4},"end":{"line":15,"column":112}}]},"10":{"type":"branch","line":15,"loc":{"start":{"line":15,"column":35},"end":{"line":15,"column":64}},"locations":[{"start":{"line":15,"column":35},"end":{"line":15,"column":64}}]},"11":{"type":"branch","line":15,"loc":{"start":{"line":15,"column":35},"end":{"line":15,"column":68}},"locations":[{"start":{"line":15,"column":35},"end":{"line":15,"column":68}}]},"12":{"type":"branch","line":15,"loc":{"start":{"line":15,"column":70},"end":{"line":15,"column":112}},"locations":[{"start":{"line":15,"column":70},"end":{"line":15,"column":112}}]},"13":{"type":"branch","line":16,"loc":{"start":{"line":16,"column":36},"end":{"line":21,"column":7}},"locations":[{"start":{"line":16,"column":36},"end":{"line":21,"column":7}}]},"14":{"type":"branch","line":17,"loc":{"start":{"line":17,"column":8},"end":{"line":17,"column":99}},"locations":[{"start":{"line":17,"column":8},"end":{"line":17,"column":99}}]},"15":{"type":"branch","line":17,"loc":{"start":{"line":17,"column":73},"end":{"line":17,"column":99}},"locations":[{"start":{"line":17,"column":73},"end":{"line":17,"column":99}}]},"16":{"type":"branch","line":18,"loc":{"start":{"line":18,"column":8},"end":{"line":18,"column":102}},"locations":[{"start":{"line":18,"column":8},"end":{"line":18,"column":102}}]},"17":{"type":"branch","line":19,"loc":{"start":{"line":19,"column":8},"end":{"line":19,"column":118}},"locations":[{"start":{"line":19,"column":8},"end":{"line":19,"column":118}}]},"18":{"type":"branch","line":19,"loc":{"start":{"line":19,"column":32},"end":{"line":19,"column":54}},"locations":[{"start":{"line":19,"column":32},"end":{"line":19,"column":54}}]},"19":{"type":"branch","line":19,"loc":{"start":{"line":19,"column":32},"end":{"line":19,"column":75}},"locations":[{"start":{"line":19,"column":32},"end":{"line":19,"column":75}}]},"20":{"type":"branch","line":23,"loc":{"start":{"line":23,"column":56},"end":{"line":25,"column":2}},"locations":[{"start":{"line":23,"column":56},"end":{"line":25,"column":2}}]},"21":{"type":"branch","line":24,"loc":{"start":{"line":24,"column":11},"end":{"line":24,"column":45}},"locations":[{"start":{"line":24,"column":11},"end":{"line":24,"column":45}}]},"22":{"type":"branch","line":32,"loc":{"start":{"line":32,"column":4},"end":{"line":34,"column":5}},"locations":[{"start":{"line":32,"column":4},"end":{"line":34,"column":5}}]},"23":{"type":"branch","line":35,"loc":{"start":{"line":35,"column":4},"end":{"line":39,"column":5}},"locations":[{"start":{"line":35,"column":4},"end":{"line":39,"column":5}}]},"24":{"type":"branch","line":36,"loc":{"start":{"line":36,"column":47},"end":{"line":38,"column":11}},"locations":[{"start":{"line":36,"column":47},"end":{"line":38,"column":11}}]},"25":{"type":"branch","line":40,"loc":{"start":{"line":40,"column":4},"end":{"line":47,"column":5}},"locations":[{"start":{"line":40,"column":4},"end":{"line":47,"column":5}}]},"26":{"type":"branch","line":41,"loc":{"start":{"line":41,"column":47},"end":{"line":46,"column":11}},"locations":[{"start":{"line":41,"column":47},"end":{"line":46,"column":11}}]},"27":{"type":"branch","line":45,"loc":{"start":{"line":45,"column":19},"end":{"line":45,"column":35}},"locations":[{"start":{"line":45,"column":19},"end":{"line":45,"column":35}}]},"28":{"type":"branch","line":48,"loc":{"start":{"line":48,"column":4},"end":{"line":59,"column":5}},"locations":[{"start":{"line":48,"column":4},"end":{"line":59,"column":5}}]},"29":{"type":"branch","line":49,"loc":{"start":{"line":49,"column":47},"end":{"line":58,"column":11}},"locations":[{"start":{"line":49,"column":47},"end":{"line":58,"column":11}}]},"30":{"type":"branch","line":51,"loc":{"start":{"line":51,"column":16},"end":{"line":57,"column":13}},"locations":[{"start":{"line":51,"column":16},"end":{"line":57,"column":13}}]},"31":{"type":"branch","line":67,"loc":{"start":{"line":67,"column":4},"end":{"line":73,"column":5}},"locations":[{"start":{"line":67,"column":4},"end":{"line":73,"column":5}}]},"32":{"type":"branch","line":68,"loc":{"start":{"line":68,"column":47},"end":{"line":72,"column":11}},"locations":[{"start":{"line":68,"column":47},"end":{"line":72,"column":11}}]},"33":{"type":"branch","line":74,"loc":{"start":{"line":74,"column":4},"end":{"line":80,"column":5}},"locations":[{"start":{"line":74,"column":4},"end":{"line":80,"column":5}}]},"34":{"type":"branch","line":75,"loc":{"start":{"line":75,"column":47},"end":{"line":79,"column":11}},"locations":[{"start":{"line":75,"column":47},"end":{"line":79,"column":11}}]},"35":{"type":"branch","line":81,"loc":{"start":{"line":81,"column":4},"end":{"line":87,"column":5}},"locations":[{"start":{"line":81,"column":4},"end":{"line":87,"column":5}}]},"36":{"type":"branch","line":82,"loc":{"start":{"line":82,"column":47},"end":{"line":86,"column":11}},"locations":[{"start":{"line":82,"column":47},"end":{"line":86,"column":11}}]},"37":{"type":"branch","line":88,"loc":{"start":{"line":88,"column":4},"end":{"line":94,"column":5}},"locations":[{"start":{"line":88,"column":4},"end":{"line":94,"column":5}}]},"38":{"type":"branch","line":89,"loc":{"start":{"line":89,"column":47},"end":{"line":93,"column":11}},"locations":[{"start":{"line":89,"column":47},"end":{"line":93,"column":11}}]},"39":{"type":"branch","line":95,"loc":{"start":{"line":95,"column":4},"end":{"line":102,"column":5}},"locations":[{"start":{"line":95,"column":4},"end":{"line":102,"column":5}}]},"40":{"type":"branch","line":96,"loc":{"start":{"line":96,"column":47},"end":{"line":101,"column":11}},"locations":[{"start":{"line":96,"column":47},"end":{"line":101,"column":11}}]},"41":{"type":"branch","line":100,"loc":{"start":{"line":100,"column":19},"end":{"line":100,"column":35}},"locations":[{"start":{"line":100,"column":19},"end":{"line":100,"column":35}}]}},"b":{"0":[1],"1":[0],"2":[0],"3":[0],"4":[0],"5":[1],"6":[1],"7":[1],"8":[18],"9":[19],"10":[1],"11":[18],"12":[18],"13":[18],"14":[18],"15":[0],"16":[1],"17":[36],"18":[17],"19":[19],"20":[1],"21":[0],"22":[1],"23":[4],"24":[4],"25":[3],"26":[3],"27":[1],"28":[2],"29":[2],"30":[1],"31":[1],"32":[1],"33":[2],"34":[2],"35":[2],"36":[2],"37":[2],"38":[2],"39":[2],"40":[2],"41":[1]},"fnMap":{"0":{"name":"Object.<anonymous>.__decorate","decl":{"start":{"line":2,"column":46},"end":{"line":7,"column":2}},"loc":{"start":{"line":2,"column":46},"end":{"line":7,"column":2}},"line":2},"1":{"name":"Object.<anonymous>.__metadata","decl":{"start":{"line":8,"column":46},"end":{"line":10,"column":2}},"loc":{"start":{"line":8,"column":46},"end":{"line":10,"column":2}},"line":8},"2":{"name":"Object.<anonymous>.__param","decl":{"start":{"line":11,"column":40},"end":{"line":13,"column":2}},"loc":{"start":{"line":11,"column":40},"end":{"line":13,"column":2}},"line":11},"3":{"name":"Object.<anonymous>.__awaiter","decl":{"start":{"line":14,"column":44},"end":{"line":22,"column":2}},"loc":{"start":{"line":14,"column":44},"end":{"line":22,"column":2}},"line":14},"4":{"name":"adopt","decl":{"start":{"line":15,"column":4},"end":{"line":15,"column":112}},"loc":{"start":{"line":15,"column":4},"end":{"line":15,"column":112}},"line":15},"5":{"name":"fulfilled","decl":{"start":{"line":17,"column":8},"end":{"line":17,"column":99}},"loc":{"start":{"line":17,"column":8},"end":{"line":17,"column":99}},"line":17},"6":{"name":"rejected","decl":{"start":{"line":18,"column":8},"end":{"line":18,"column":102}},"loc":{"start":{"line":18,"column":8},"end":{"line":18,"column":102}},"line":18},"7":{"name":"step","decl":{"start":{"line":19,"column":8},"end":{"line":19,"column":118}},"loc":{"start":{"line":19,"column":8},"end":{"line":19,"column":118}},"line":19},"8":{"name":"Object.<anonymous>.__importDefault","decl":{"start":{"line":23,"column":56},"end":{"line":25,"column":2}},"loc":{"start":{"line":23,"column":56},"end":{"line":25,"column":2}},"line":23},"9":{"name":"UserModel","decl":{"start":{"line":32,"column":4},"end":{"line":34,"column":5}},"loc":{"start":{"line":32,"column":4},"end":{"line":34,"column":5}},"line":32},"10":{"name":"read","decl":{"start":{"line":35,"column":4},"end":{"line":39,"column":5}},"loc":{"start":{"line":35,"column":4},"end":{"line":39,"column":5}},"line":35},"11":{"name":"readById","decl":{"start":{"line":40,"column":4},"end":{"line":47,"column":5}},"loc":{"start":{"line":40,"column":4},"end":{"line":47,"column":5}},"line":40},"12":{"name":"create","decl":{"start":{"line":48,"column":4},"end":{"line":59,"column":5}},"loc":{"start":{"line":48,"column":4},"end":{"line":59,"column":5}},"line":48},"13":{"name":"update","decl":{"start":{"line":60,"column":4},"end":{"line":66,"column":5}},"loc":{"start":{"line":60,"column":4},"end":{"line":66,"column":5}},"line":60},"14":{"name":"delete","decl":{"start":{"line":67,"column":4},"end":{"line":73,"column":5}},"loc":{"start":{"line":67,"column":4},"end":{"line":73,"column":5}},"line":67},"15":{"name":"readByFirstLastName","decl":{"start":{"line":74,"column":4},"end":{"line":80,"column":5}},"loc":{"start":{"line":74,"column":4},"end":{"line":80,"column":5}},"line":74},"16":{"name":"readByFirstName","decl":{"start":{"line":81,"column":4},"end":{"line":87,"column":5}},"loc":{"start":{"line":81,"column":4},"end":{"line":87,"column":5}},"line":81},"17":{"name":"readByLastName","decl":{"start":{"line":88,"column":4},"end":{"line":94,"column":5}},"loc":{"start":{"line":88,"column":4},"end":{"line":94,"column":5}},"line":88},"18":{"name":"readByEmail","decl":{"start":{"line":95,"column":4},"end":{"line":102,"column":5}},"loc":{"start":{"line":95,"column":4},"end":{"line":102,"column":5}},"line":95}},"f":{"0":1,"1":1,"2":1,"3":18,"4":19,"5":18,"6":1,"7":36,"8":1,"9":1,"10":4,"11":3,"12":2,"13":0,"14":1,"15":2,"16":2,"17":2,"18":2}}
,"/home/illian/Projects/TimeVue/back_end/build/config/ENV.js": {"path":"/home/illian/Projects/TimeVue/back_end/build/config/ENV.js","all":false,"statementMap":{"0":{"start":{"line":1,"column":0},"end":{"line":1,"column":13}},"1":{"start":{"line":2,"column":0},"end":{"line":2,"column":97}},"2":{"start":{"line":3,"column":0},"end":{"line":3,"column":33}},"3":{"start":{"line":4,"column":0},"end":{"line":4,"column":89}},"4":{"start":{"line":5,"column":0},"end":{"line":5,"column":29}},"5":{"start":{"line":6,"column":0},"end":{"line":6,"column":33}},"6":{"start":{"line":7,"column":0},"end":{"line":7,"column":17}},"7":{"start":{"line":8,"column":0},"end":{"line":8,"column":4}},"8":{"start":{"line":9,"column":0},"end":{"line":9,"column":96}},"9":{"start":{"line":10,"column":0},"end":{"line":10,"column":72}},"10":{"start":{"line":11,"column":0},"end":{"line":11,"column":21}},"11":{"start":{"line":12,"column":0},"end":{"line":12,"column":21}},"12":{"start":{"line":13,"column":0},"end":{"line":13,"column":3}},"13":{"start":{"line":14,"column":0},"end":{"line":14,"column":66}},"14":{"start":{"line":15,"column":0},"end":{"line":15,"column":42}},"15":{"start":{"line":16,"column":0},"end":{"line":16,"column":20}},"16":{"start":{"line":17,"column":0},"end":{"line":17,"column":141}},"17":{"start":{"line":18,"column":0},"end":{"line":18,"column":36}},"18":{"start":{"line":19,"column":0},"end":{"line":19,"column":18}},"19":{"start":{"line":20,"column":0},"end":{"line":20,"column":2}},"20":{"start":{"line":21,"column":0},"end":{"line":21,"column":62}},"21":{"start":{"line":22,"column":0},"end":{"line":22,"column":40}},"22":{"start":{"line":23,"column":0},"end":{"line":23,"column":29}},"23":{"start":{"line":24,"column":0},"end":{"line":24,"column":47}},"24":{"start":{"line":25,"column":0},"end":{"line":25,"column":66}},"25":{"start":{"line":26,"column":0},"end":{"line":26,"column":22}},"26":{"start":{"line":27,"column":0},"end":{"line":27,"column":15}},"27":{"start":{"line":28,"column":0},"end":{"line":28,"column":27}},"28":{"start":{"line":29,"column":0},"end":{"line":29,"column":23}},"29":{"start":{"line":30,"column":0},"end":{"line":30,"column":27}},"30":{"start":{"line":31,"column":0},"end":{"line":31,"column":45}},"31":{"start":{"line":32,"column":0},"end":{"line":32,"column":33}},"32":{"start":{"line":33,"column":0},"end":{"line":33,"column":43}},"33":{"start":{"line":34,"column":0},"end":{"line":34,"column":33}},"34":{"start":{"line":35,"column":0},"end":{"line":35,"column":41}},"35":{"start":{"line":36,"column":0},"end":{"line":36,"column":41}},"36":{"start":{"line":37,"column":0},"end":{"line":37,"column":39}},"37":{"start":{"line":38,"column":0},"end":{"line":38,"column":49}},"38":{"start":{"line":39,"column":0},"end":{"line":39,"column":55}},"39":{"start":{"line":40,"column":0},"end":{"line":40,"column":55}},"40":{"start":{"line":41,"column":0},"end":{"line":41,"column":2}},"41":{"start":{"line":42,"column":0},"end":{"line":42,"column":11}},"42":{"start":{"line":43,"column":0},"end":{"line":43,"column":3}},"43":{"start":{"line":44,"column":0},"end":{"line":44,"column":37}},"44":{"start":{"line":45,"column":0},"end":{"line":45,"column":3}},"45":{"start":{"line":46,"column":0},"end":{"line":46,"column":21}},"46":{"start":{"line":47,"column":0},"end":{"line":47,"column":95}},"47":{"start":{"line":48,"column":0},"end":{"line":48,"column":111}},"48":{"start":{"line":49,"column":0},"end":{"line":49,"column":74}},"49":{"start":{"line":50,"column":0},"end":{"line":50,"column":72}},"50":{"start":{"line":51,"column":0},"end":{"line":51,"column":65}},"51":{"start":{"line":52,"column":0},"end":{"line":52,"column":5}},"52":{"start":{"line":53,"column":0},"end":{"line":53,"column":1}},"53":{"start":{"line":54,"column":0},"end":{"line":54,"column":28}}},"s":{"0":1,"1":1,"2":2,"3":2,"4":1,"5":0,"6":0,"7":0,"8":1,"9":1,"10":1,"11":0,"12":0,"13":1,"14":1,"15":1,"16":1,"17":1,"18":1,"19":1,"20":1,"21":1,"22":1,"23":1,"24":1,"25":1,"26":1,"27":1,"28":1,"29":1,"30":1,"31":1,"32":1,"33":1,"34":1,"35":1,"36":1,"37":1,"38":1,"39":1,"40":1,"41":1,"42":1,"43":1,"44":1,"45":1,"46":1,"47":1,"48":1,"49":1,"50":0,"51":0,"52":1,"53":1},"branchMap":{"0":{"type":"branch","line":5,"loc":{"start":{"line":5,"column":1},"end":{"line":8,"column":4}},"locations":[{"start":{"line":5,"column":1},"end":{"line":8,"column":4}}]},"1":{"type":"branch","line":11,"loc":{"start":{"line":11,"column":1},"end":{"line":13,"column":3}},"locations":[{"start":{"line":11,"column":1},"end":{"line":13,"column":3}}]},"2":{"type":"branch","line":28,"loc":{"start":{"line":28,"column":12},"end":{"line":28,"column":27}},"locations":[{"start":{"line":28,"column":12},"end":{"line":28,"column":27}}]},"3":{"type":"branch","line":29,"loc":{"start":{"line":29,"column":10},"end":{"line":29,"column":23}},"locations":[{"start":{"line":29,"column":10},"end":{"line":29,"column":23}}]},"4":{"type":"branch","line":30,"loc":{"start":{"line":30,"column":12},"end":{"line":30,"column":27}},"locations":[{"start":{"line":30,"column":12},"end":{"line":30,"column":27}}]},"5":{"type":"branch","line":31,"loc":{"start":{"line":31,"column":23},"end":{"line":31,"column":45}},"locations":[{"start":{"line":31,"column":23},"end":{"line":31,"column":45}}]},"6":{"type":"branch","line":32,"loc":{"start":{"line":32,"column":13},"end":{"line":32,"column":33}},"locations":[{"start":{"line":32,"column":13},"end":{"line":32,"column":33}}]},"7":{"type":"branch","line":33,"loc":{"start":{"line":33,"column":22},"end":{"line":33,"column":43}},"locations":[{"start":{"line":33,"column":22},"end":{"line":33,"column":43}}]},"8":{"type":"branch","line":34,"loc":{"start":{"line":34,"column":13},"end":{"line":34,"column":33}},"locations":[{"start":{"line":34,"column":13},"end":{"line":34,"column":33}}]},"9":{"type":"branch","line":35,"loc":{"start":{"line":35,"column":17},"end":{"line":35,"column":41}},"locations":[{"start":{"line":35,"column":17},"end":{"line":35,"column":41}}]},"10":{"type":"branch","line":36,"loc":{"start":{"line":36,"column":17},"end":{"line":36,"column":41}},"locations":[{"start":{"line":36,"column":17},"end":{"line":36,"column":41}}]},"11":{"type":"branch","line":37,"loc":{"start":{"line":37,"column":16},"end":{"line":37,"column":39}},"locations":[{"start":{"line":37,"column":16},"end":{"line":37,"column":39}}]},"12":{"type":"branch","line":38,"loc":{"start":{"line":38,"column":21},"end":{"line":38,"column":49}},"locations":[{"start":{"line":38,"column":21},"end":{"line":38,"column":49}}]},"13":{"type":"branch","line":39,"loc":{"start":{"line":39,"column":24},"end":{"line":39,"column":55}},"locations":[{"start":{"line":39,"column":24},"end":{"line":39,"column":55}}]},"14":{"type":"branch","line":40,"loc":{"start":{"line":40,"column":24},"end":{"line":40,"column":55}},"locations":[{"start":{"line":40,"column":24},"end":{"line":40,"column":55}}]},"15":{"type":"branch","line":2,"loc":{"start":{"line":2,"column":74},"end":{"line":5,"column":6}},"locations":[{"start":{"line":2,"column":74},"end":{"line":5,"column":6}}]},"16":{"type":"branch","line":4,"loc":{"start":{"line":4,"column":58},"end":{"line":4,"column":89}},"locations":[{"start":{"line":4,"column":58},"end":{"line":4,"column":89}}]},"17":{"type":"branch","line":9,"loc":{"start":{"line":9,"column":80},"end":{"line":11,"column":5}},"locations":[{"start":{"line":9,"column":80},"end":{"line":11,"column":5}}]},"18":{"type":"branch","line":14,"loc":{"start":{"line":14,"column":50},"end":{"line":20,"column":2}},"locations":[{"start":{"line":14,"column":50},"end":{"line":20,"column":2}}]},"19":{"type":"branch","line":15,"loc":{"start":{"line":15,"column":31},"end":{"line":15,"column":38}},"locations":[{"start":{"line":15,"column":31},"end":{"line":15,"column":38}}]},"20":{"type":"branch","line":17,"loc":{"start":{"line":17,"column":40},"end":{"line":17,"column":124}},"locations":[{"start":{"line":17,"column":40},"end":{"line":17,"column":124}}]},"21":{"type":"branch","line":46,"loc":{"start":{"line":46,"column":0},"end":{"line":53,"column":1}},"locations":[{"start":{"line":46,"column":0},"end":{"line":53,"column":1}}]},"22":{"type":"branch","line":50,"loc":{"start":{"line":50,"column":71},"end":{"line":52,"column":5}},"locations":[{"start":{"line":50,"column":71},"end":{"line":52,"column":5}}]}},"b":{"0":[0],"1":[0],"2":[0],"3":[0],"4":[0],"5":[0],"6":[0],"7":[0],"8":[0],"9":[0],"10":[0],"11":[0],"12":[0],"13":[0],"14":[0],"15":[2],"16":[1],"17":[1],"18":[1],"19":[0],"20":[2],"21":[1],"22":[0]},"fnMap":{"0":{"name":"Object.<anonymous>.__createBinding","decl":{"start":{"line":2,"column":74},"end":{"line":5,"column":6}},"loc":{"start":{"line":2,"column":74},"end":{"line":5,"column":6}},"line":2},"1":{"name":"get","decl":{"start":{"line":4,"column":58},"end":{"line":4,"column":89}},"loc":{"start":{"line":4,"column":58},"end":{"line":4,"column":89}},"line":4},"2":{"name":"Object.<anonymous>.__createBinding","decl":{"start":{"line":5,"column":6},"end":{"line":8,"column":4}},"loc":{"start":{"line":5,"column":6},"end":{"line":8,"column":4}},"line":5},"3":{"name":"Object.<anonymous>.__setModuleDefault","decl":{"start":{"line":9,"column":80},"end":{"line":11,"column":5}},"loc":{"start":{"line":9,"column":80},"end":{"line":11,"column":5}},"line":9},"4":{"name":"Object.<anonymous>.__setModuleDefault","decl":{"start":{"line":11,"column":5},"end":{"line":13,"column":3}},"loc":{"start":{"line":11,"column":5},"end":{"line":13,"column":3}},"line":11},"5":{"name":"Object.<anonymous>.__importStar","decl":{"start":{"line":14,"column":50},"end":{"line":20,"column":2}},"loc":{"start":{"line":14,"column":50},"end":{"line":20,"column":2}},"line":14},"6":{"name":"checkEnv","decl":{"start":{"line":46,"column":0},"end":{"line":53,"column":1}},"loc":{"start":{"line":46,"column":0},"end":{"line":53,"column":1}},"line":46}},"f":{"0":2,"1":1,"2":0,"3":1,"4":0,"5":1,"6":1}}
,"/home/illian/Projects/TimeVue/back_end/build/config/inversify.config.js": {"path":"/home/illian/Projects/TimeVue/back_end/build/config/inversify.config.js","all":false,"statementMap":{"0":{"start":{"line":1,"column":0},"end":{"line":1,"column":13}},"1":{"start":{"line":2,"column":0},"end":{"line":2,"column":72}},"2":{"start":{"line":3,"column":0},"end":{"line":3,"column":62}},"3":{"start":{"line":4,"column":0},"end":{"line":4,"column":2}},"4":{"start":{"line":5,"column":0},"end":{"line":5,"column":62}},"5":{"start":{"line":6,"column":0},"end":{"line":6,"column":28}},"6":{"start":{"line":7,"column":0},"end":{"line":7,"column":41}},"7":{"start":{"line":8,"column":0},"end":{"line":8,"column":70}},"8":{"start":{"line":9,"column":0},"end":{"line":9,"column":74}},"9":{"start":{"line":10,"column":0},"end":{"line":10,"column":31}},"10":{"start":{"line":11,"column":0},"end":{"line":11,"column":58}},"11":{"start":{"line":12,"column":0},"end":{"line":12,"column":77}},"12":{"start":{"line":13,"column":0},"end":{"line":13,"column":72}},"13":{"start":{"line":14,"column":0},"end":{"line":14,"column":60}},"14":{"start":{"line":15,"column":0},"end":{"line":15,"column":46}},"15":{"start":{"line":16,"column":0},"end":{"line":16,"column":44}},"16":{"start":{"line":17,"column":0},"end":{"line":17,"column":68}},"17":{"start":{"line":18,"column":0},"end":{"line":18,"column":131}},"18":{"start":{"line":19,"column":0},"end":{"line":19,"column":26}},"19":{"start":{"line":20,"column":0},"end":{"line":20,"column":78}},"20":{"start":{"line":21,"column":0},"end":{"line":21,"column":87}},"21":{"start":{"line":22,"column":0},"end":{"line":22,"column":40}},"22":{"start":{"line":23,"column":0},"end":{"line":23,"column":77}},"23":{"start":{"line":24,"column":0},"end":{"line":24,"column":28}}},"s":{"0":1,"1":1,"2":6,"3":6,"4":1,"5":1,"6":1,"7":1,"8":1,"9":1,"10":1,"11":1,"12":1,"13":1,"14":1,"15":1,"16":1,"17":1,"18":1,"19":1,"20":1,"21":1,"22":1,"23":1},"branchMap":{"0":{"type":"branch","line":2,"loc":{"start":{"line":2,"column":56},"end":{"line":4,"column":2}},"locations":[{"start":{"line":2,"column":56},"end":{"line":4,"column":2}}]},"1":{"type":"branch","line":3,"loc":{"start":{"line":3,"column":11},"end":{"line":3,"column":43}},"locations":[{"start":{"line":3,"column":11},"end":{"line":3,"column":43}}]},"2":{"type":"branch","line":3,"loc":{"start":{"line":3,"column":11},"end":{"line":3,"column":45}},"locations":[{"start":{"line":3,"column":11},"end":{"line":3,"column":45}}]}},"b":{"0":[6],"1":[4],"2":[2]},"fnMap":{"0":{"name":"Object.<anonymous>.__importDefault","decl":{"start":{"line":2,"column":56},"end":{"line":4,"column":2}},"loc":{"start":{"line":2,"column":56},"end":{"line":4,"column":2}},"line":2}},"f":{"0":6}}
,"/home/illian/Projects/TimeVue/back_end/build/config/inversifySymbols.js": {"path":"/home/illian/Projects/TimeVue/back_end/build/config/inversifySymbols.js","all":false,"statementMap":{"0":{"start":{"line":1,"column":0},"end":{"line":1,"column":13}},"1":{"start":{"line":2,"column":0},"end":{"line":2,"column":62}},"2":{"start":{"line":3,"column":0},"end":{"line":3,"column":19}},"3":{"start":{"line":4,"column":0},"end":{"line":4,"column":29}},"4":{"start":{"line":5,"column":0},"end":{"line":5,"column":39}},"5":{"start":{"line":6,"column":0},"end":{"line":6,"column":53}},"6":{"start":{"line":7,"column":0},"end":{"line":7,"column":69}},"7":{"start":{"line":8,"column":0},"end":{"line":8,"column":39}},"8":{"start":{"line":9,"column":0},"end":{"line":9,"column":43}},"9":{"start":{"line":10,"column":0},"end":{"line":10,"column":2}}},"s":{"0":1,"1":1,"2":1,"3":1,"4":1,"5":1,"6":1,"7":1,"8":1,"9":1},"branchMap":{},"b":{},"fnMap":{},"f":{}}
,"/home/illian/Projects/TimeVue/back_end/build/config/keycloack.js": {"path":"/home/illian/Projects/TimeVue/back_end/build/config/keycloack.js","all":false,"statementMap":{"0":{"start":{"line":1,"column":0},"end":{"line":1,"column":13}},"1":{"start":{"line":2,"column":0},"end":{"line":2,"column":97}},"2":{"start":{"line":3,"column":0},"end":{"line":3,"column":33}},"3":{"start":{"line":4,"column":0},"end":{"line":4,"column":89}},"4":{"start":{"line":5,"column":0},"end":{"line":5,"column":29}},"5":{"start":{"line":6,"column":0},"end":{"line":6,"column":33}},"6":{"start":{"line":7,"column":0},"end":{"line":7,"column":17}},"7":{"start":{"line":8,"column":0},"end":{"line":8,"column":4}},"8":{"start":{"line":9,"column":0},"end":{"line":9,"column":96}},"9":{"start":{"line":10,"column":0},"end":{"line":10,"column":72}},"10":{"start":{"line":11,"column":0},"end":{"line":11,"column":21}},"11":{"start":{"line":12,"column":0},"end":{"line":12,"column":21}},"12":{"start":{"line":13,"column":0},"end":{"line":13,"column":3}},"13":{"start":{"line":14,"column":0},"end":{"line":14,"column":66}},"14":{"start":{"line":15,"column":0},"end":{"line":15,"column":42}},"15":{"start":{"line":16,"column":0},"end":{"line":16,"column":20}},"16":{"start":{"line":17,"column":0},"end":{"line":17,"column":141}},"17":{"start":{"line":18,"column":0},"end":{"line":18,"column":36}},"18":{"start":{"line":19,"column":0},"end":{"line":19,"column":18}},"19":{"start":{"line":20,"column":0},"end":{"line":20,"column":2}},"20":{"start":{"line":21,"column":0},"end":{"line":21,"column":62}},"21":{"start":{"line":22,"column":0},"end":{"line":22,"column":43}},"22":{"start":{"line":23,"column":0},"end":{"line":23,"column":19}},"23":{"start":{"line":24,"column":0},"end":{"line":24,"column":37}},"24":{"start":{"line":25,"column":0},"end":{"line":25,"column":24}},"25":{"start":{"line":26,"column":0},"end":{"line":26,"column":50}},"26":{"start":{"line":27,"column":0},"end":{"line":27,"column":31}},"27":{"start":{"line":28,"column":0},"end":{"line":28,"column":43}},"28":{"start":{"line":29,"column":0},"end":{"line":29,"column":34}},"29":{"start":{"line":30,"column":0},"end":{"line":30,"column":39}},"30":{"start":{"line":31,"column":0},"end":{"line":31,"column":27}},"31":{"start":{"line":32,"column":0},"end":{"line":32,"column":2}}},"s":{"0":1,"1":1,"2":0,"3":0,"4":1,"5":0,"6":0,"7":0,"8":1,"9":0,"10":1,"11":0,"12":0,"13":1,"14":1,"15":0,"16":0,"17":0,"18":0,"19":0,"20":1,"21":1,"22":1,"23":1,"24":1,"25":1,"26":1,"27":1,"28":1,"29":1,"30":1,"31":1},"branchMap":{"0":{"type":"branch","line":5,"loc":{"start":{"line":5,"column":1},"end":{"line":8,"column":4}},"locations":[{"start":{"line":5,"column":1},"end":{"line":8,"column":4}}]},"1":{"type":"branch","line":11,"loc":{"start":{"line":11,"column":1},"end":{"line":13,"column":3}},"locations":[{"start":{"line":11,"column":1},"end":{"line":13,"column":3}}]},"2":{"type":"branch","line":14,"loc":{"start":{"line":14,"column":50},"end":{"line":20,"column":2}},"locations":[{"start":{"line":14,"column":50},"end":{"line":20,"column":2}}]},"3":{"type":"branch","line":15,"loc":{"start":{"line":15,"column":31},"end":{"line":20,"column":2}},"locations":[{"start":{"line":15,"column":31},"end":{"line":20,"column":2}}]}},"b":{"0":[0],"1":[0],"2":[1],"3":[0]},"fnMap":{"0":{"name":"Object.<anonymous>.__createBinding","decl":{"start":{"line":2,"column":74},"end":{"line":5,"column":6}},"loc":{"start":{"line":2,"column":74},"end":{"line":5,"column":6}},"line":2},"1":{"name":"Object.<anonymous>.__createBinding","decl":{"start":{"line":5,"column":6},"end":{"line":8,"column":4}},"loc":{"start":{"line":5,"column":6},"end":{"line":8,"column":4}},"line":5},"2":{"name":"Object.<anonymous>.__setModuleDefault","decl":{"start":{"line":9,"column":80},"end":{"line":11,"column":5}},"loc":{"start":{"line":9,"column":80},"end":{"line":11,"column":5}},"line":9},"3":{"name":"Object.<anonymous>.__setModuleDefault","decl":{"start":{"line":11,"column":5},"end":{"line":13,"column":3}},"loc":{"start":{"line":11,"column":5},"end":{"line":13,"column":3}},"line":11},"4":{"name":"Object.<anonymous>.__importStar","decl":{"start":{"line":14,"column":50},"end":{"line":20,"column":2}},"loc":{"start":{"line":14,"column":50},"end":{"line":20,"column":2}},"line":14}},"f":{"0":0,"1":0,"2":0,"3":0,"4":1}}
,"/home/illian/Projects/TimeVue/back_end/build/config/knexfile.js": {"path":"/home/illian/Projects/TimeVue/back_end/build/config/knexfile.js","all":false,"statementMap":{"0":{"start":{"line":1,"column":0},"end":{"line":1,"column":13}},"1":{"start":{"line":2,"column":0},"end":{"line":2,"column":97}},"2":{"start":{"line":3,"column":0},"end":{"line":3,"column":33}},"3":{"start":{"line":4,"column":0},"end":{"line":4,"column":89}},"4":{"start":{"line":5,"column":0},"end":{"line":5,"column":29}},"5":{"start":{"line":6,"column":0},"end":{"line":6,"column":33}},"6":{"start":{"line":7,"column":0},"end":{"line":7,"column":17}},"7":{"start":{"line":8,"column":0},"end":{"line":8,"column":4}},"8":{"start":{"line":9,"column":0},"end":{"line":9,"column":96}},"9":{"start":{"line":10,"column":0},"end":{"line":10,"column":72}},"10":{"start":{"line":11,"column":0},"end":{"line":11,"column":21}},"11":{"start":{"line":12,"column":0},"end":{"line":12,"column":21}},"12":{"start":{"line":13,"column":0},"end":{"line":13,"column":3}},"13":{"start":{"line":14,"column":0},"end":{"line":14,"column":66}},"14":{"start":{"line":15,"column":0},"end":{"line":15,"column":42}},"15":{"start":{"line":16,"column":0},"end":{"line":16,"column":20}},"16":{"start":{"line":17,"column":0},"end":{"line":17,"column":141}},"17":{"start":{"line":18,"column":0},"end":{"line":18,"column":36}},"18":{"start":{"line":19,"column":0},"end":{"line":19,"column":18}},"19":{"start":{"line":20,"column":0},"end":{"line":20,"column":2}},"20":{"start":{"line":21,"column":0},"end":{"line":21,"column":62}},"21":{"start":{"line":22,"column":0},"end":{"line":22,"column":43}},"22":{"start":{"line":23,"column":0},"end":{"line":23,"column":19}},"23":{"start":{"line":24,"column":0},"end":{"line":24,"column":18}},"24":{"start":{"line":25,"column":0},"end":{"line":25,"column":21}},"25":{"start":{"line":26,"column":0},"end":{"line":26,"column":36}},"26":{"start":{"line":27,"column":0},"end":{"line":27,"column":21}},"27":{"start":{"line":28,"column":0},"end":{"line":28,"column":34}},"28":{"start":{"line":29,"column":0},"end":{"line":29,"column":38}},"29":{"start":{"line":30,"column":0},"end":{"line":30,"column":42}},"30":{"start":{"line":31,"column":0},"end":{"line":31,"column":38}},"31":{"start":{"line":32,"column":0},"end":{"line":32,"column":10}},"32":{"start":{"line":33,"column":0},"end":{"line":33,"column":21}},"33":{"start":{"line":34,"column":0},"end":{"line":34,"column":44}},"34":{"start":{"line":35,"column":0},"end":{"line":35,"column":10}},"35":{"start":{"line":36,"column":0},"end":{"line":36,"column":16}},"36":{"start":{"line":37,"column":0},"end":{"line":37,"column":39}},"37":{"start":{"line":38,"column":0},"end":{"line":38,"column":9}},"38":{"start":{"line":39,"column":0},"end":{"line":39,"column":6}},"39":{"start":{"line":40,"column":0},"end":{"line":40,"column":2}}},"s":{"0":1,"1":1,"2":0,"3":0,"4":1,"5":0,"6":0,"7":0,"8":1,"9":0,"10":1,"11":0,"12":0,"13":1,"14":1,"15":0,"16":0,"17":0,"18":0,"19":0,"20":1,"21":1,"22":1,"23":1,"24":1,"25":1,"26":1,"27":1,"28":1,"29":1,"30":1,"31":1,"32":1,"33":1,"34":1,"35":1,"36":1,"37":1,"38":1,"39":1},"branchMap":{"0":{"type":"branch","line":5,"loc":{"start":{"line":5,"column":1},"end":{"line":8,"column":4}},"locations":[{"start":{"line":5,"column":1},"end":{"line":8,"column":4}}]},"1":{"type":"branch","line":11,"loc":{"start":{"line":11,"column":1},"end":{"line":13,"column":3}},"locations":[{"start":{"line":11,"column":1},"end":{"line":13,"column":3}}]},"2":{"type":"branch","line":14,"loc":{"start":{"line":14,"column":50},"end":{"line":20,"column":2}},"locations":[{"start":{"line":14,"column":50},"end":{"line":20,"column":2}}]},"3":{"type":"branch","line":15,"loc":{"start":{"line":15,"column":31},"end":{"line":20,"column":2}},"locations":[{"start":{"line":15,"column":31},"end":{"line":20,"column":2}}]}},"b":{"0":[0],"1":[0],"2":[1],"3":[0]},"fnMap":{"0":{"name":"Object.<anonymous>.__createBinding","decl":{"start":{"line":2,"column":74},"end":{"line":5,"column":6}},"loc":{"start":{"line":2,"column":74},"end":{"line":5,"column":6}},"line":2},"1":{"name":"Object.<anonymous>.__createBinding","decl":{"start":{"line":5,"column":6},"end":{"line":8,"column":4}},"loc":{"start":{"line":5,"column":6},"end":{"line":8,"column":4}},"line":5},"2":{"name":"Object.<anonymous>.__setModuleDefault","decl":{"start":{"line":9,"column":80},"end":{"line":11,"column":5}},"loc":{"start":{"line":9,"column":80},"end":{"line":11,"column":5}},"line":9},"3":{"name":"Object.<anonymous>.__setModuleDefault","decl":{"start":{"line":11,"column":5},"end":{"line":13,"column":3}},"loc":{"start":{"line":11,"column":5},"end":{"line":13,"column":3}},"line":11},"4":{"name":"Object.<anonymous>.__importStar","decl":{"start":{"line":14,"column":50},"end":{"line":20,"column":2}},"loc":{"start":{"line":14,"column":50},"end":{"line":20,"column":2}},"line":14}},"f":{"0":0,"1":0,"2":0,"3":0,"4":1}}
,"/home/illian/Projects/TimeVue/back_end/build/utils/Table.js": {"path":"/home/illian/Projects/TimeVue/back_end/build/utils/Table.js","all":false,"statementMap":{"0":{"start":{"line":1,"column":0},"end":{"line":1,"column":13}},"1":{"start":{"line":2,"column":0},"end":{"line":2,"column":62}},"2":{"start":{"line":3,"column":0},"end":{"line":3,"column":13}},"3":{"start":{"line":4,"column":0},"end":{"line":4,"column":31}},"4":{"start":{"line":5,"column":0},"end":{"line":5,"column":25}},"5":{"start":{"line":6,"column":0},"end":{"line":6,"column":29}},"6":{"start":{"line":7,"column":0},"end":{"line":7,"column":25}},"7":{"start":{"line":8,"column":0},"end":{"line":8,"column":29}},"8":{"start":{"line":9,"column":0},"end":{"line":9,"column":5}},"9":{"start":{"line":10,"column":0},"end":{"line":10,"column":1}},"10":{"start":{"line":11,"column":0},"end":{"line":11,"column":24}}},"s":{"0":1,"1":1,"2":1,"3":1,"4":1,"5":1,"6":1,"7":1,"8":1,"9":1,"10":1},"branchMap":{"0":{"type":"branch","line":4,"loc":{"start":{"line":4,"column":4},"end":{"line":9,"column":5}},"locations":[{"start":{"line":4,"column":4},"end":{"line":9,"column":5}}]}},"b":{"0":[1]},"fnMap":{"0":{"name":"Table","decl":{"start":{"line":4,"column":4},"end":{"line":9,"column":5}},"loc":{"start":{"line":4,"column":4},"end":{"line":9,"column":5}},"line":4}},"f":{"0":1}}
}
