TN:
SF:build/api/models/User/IUser.interface.js
FN:2,Object.<anonymous>.__importDefault
FNF:1
FNH:1
FNDA:1,Object.<anonymous>.__importDefault
DA:1,1
DA:2,1
DA:3,1
DA:4,1
DA:5,1
DA:6,1
DA:7,1
DA:8,1
DA:9,1
DA:10,1
DA:11,1
DA:12,1
DA:13,1
DA:14,1
LF:14
LH:14
BRDA:2,0,0,1
BRDA:3,1,0,0
BRF:2
BRH:1
end_of_record
TN:
SF:build/api/models/User/UserModel.js
FN:2,Object.<anonymous>.__decorate
FN:8,Object.<anonymous>.__metadata
FN:11,Object.<anonymous>.__param
FN:14,Object.<anonymous>.__awaiter
FN:15,adopt
FN:17,fulfilled
FN:18,rejected
FN:19,step
FN:23,Object.<anonymous>.__importDefault
FN:32,UserModel
FN:35,read
FN:40,readById
FN:48,create
FN:60,update
FN:67,delete
FN:74,readByFirstLastName
FN:81,readByFirstName
FN:88,readByLastName
FN:95,readByEmail
FNF:19
FNH:18
FNDA:1,Object.<anonymous>.__decorate
FNDA:1,Object.<anonymous>.__metadata
FNDA:1,Object.<anonymous>.__param
FNDA:18,Object.<anonymous>.__awaiter
FNDA:19,adopt
FNDA:18,fulfilled
FNDA:1,rejected
FNDA:36,step
FNDA:1,Object.<anonymous>.__importDefault
FNDA:1,UserModel
FNDA:4,read
FNDA:3,readById
FNDA:2,create
FNDA:0,update
FNDA:1,delete
FNDA:2,readByFirstLastName
FNDA:2,readByFirstName
FNDA:2,readByLastName
FNDA:2,readByEmail
DA:1,1
DA:2,1
DA:3,1
DA:4,1
DA:5,1
DA:6,1
DA:7,1
DA:8,1
DA:9,1
DA:10,1
DA:11,1
DA:12,1
DA:13,1
DA:14,1
DA:15,18
DA:16,18
DA:17,18
DA:18,18
DA:19,18
DA:20,18
DA:21,18
DA:22,18
DA:23,1
DA:24,1
DA:25,1
DA:26,1
DA:27,1
DA:28,1
DA:29,1
DA:30,1
DA:31,1
DA:32,1
DA:33,1
DA:34,1
DA:35,1
DA:36,4
DA:37,4
DA:38,4
DA:39,4
DA:40,1
DA:41,3
DA:42,3
DA:43,3
DA:44,3
DA:45,3
DA:46,3
DA:47,3
DA:48,1
DA:49,2
DA:50,2
DA:51,2
DA:52,1
DA:53,1
DA:54,1
DA:55,1
DA:56,1
DA:57,1
DA:58,2
DA:59,2
DA:60,1
DA:61,0
DA:62,0
DA:63,0
DA:64,0
DA:65,0
DA:66,0
DA:67,1
DA:68,1
DA:69,1
DA:70,1
DA:71,1
DA:72,1
DA:73,1
DA:74,1
DA:75,2
DA:76,2
DA:77,2
DA:78,2
DA:79,2
DA:80,2
DA:81,1
DA:82,2
DA:83,2
DA:84,2
DA:85,2
DA:86,2
DA:87,2
DA:88,1
DA:89,2
DA:90,2
DA:91,2
DA:92,2
DA:93,2
DA:94,2
DA:95,1
DA:96,2
DA:97,2
DA:98,2
DA:99,2
DA:100,2
DA:101,2
DA:102,2
DA:103,1
DA:104,1
DA:105,1
DA:106,1
DA:107,1
DA:108,1
DA:109,1
LF:109
LH:103
BRDA:2,0,0,1
BRDA:3,1,0,0
BRDA:4,2,0,0
BRDA:6,3,0,0
BRDA:6,4,0,0
BRDA:8,5,0,1
BRDA:11,6,0,1
BRDA:12,7,0,1
BRDA:14,8,0,18
BRDA:15,9,0,19
BRDA:15,10,0,1
BRDA:15,11,0,18
BRDA:15,12,0,18
BRDA:16,13,0,18
BRDA:17,14,0,18
BRDA:17,15,0,0
BRDA:18,16,0,1
BRDA:19,17,0,36
BRDA:19,18,0,17
BRDA:19,19,0,19
BRDA:23,20,0,1
BRDA:24,21,0,0
BRDA:32,22,0,1
BRDA:35,23,0,4
BRDA:36,24,0,4
BRDA:40,25,0,3
BRDA:41,26,0,3
BRDA:45,27,0,1
BRDA:48,28,0,2
BRDA:49,29,0,2
BRDA:51,30,0,1
BRDA:67,31,0,1
BRDA:68,32,0,1
BRDA:74,33,0,2
BRDA:75,34,0,2
BRDA:81,35,0,2
BRDA:82,36,0,2
BRDA:88,37,0,2
BRDA:89,38,0,2
BRDA:95,39,0,2
BRDA:96,40,0,2
BRDA:100,41,0,1
BRF:42
BRH:36
end_of_record
TN:
SF:build/config/ENV.js
FN:2,Object.<anonymous>.__createBinding
FN:4,get
FN:5,Object.<anonymous>.__createBinding
FN:9,Object.<anonymous>.__setModuleDefault
FN:11,Object.<anonymous>.__setModuleDefault
FN:14,Object.<anonymous>.__importStar
FN:46,checkEnv
FNF:7
FNH:5
FNDA:2,Object.<anonymous>.__createBinding
FNDA:1,get
FNDA:0,Object.<anonymous>.__createBinding
FNDA:1,Object.<anonymous>.__setModuleDefault
FNDA:0,Object.<anonymous>.__setModuleDefault
FNDA:1,Object.<anonymous>.__importStar
FNDA:1,checkEnv
DA:1,1
DA:2,1
DA:3,2
DA:4,2
DA:5,1
DA:6,0
DA:7,0
DA:8,0
DA:9,1
DA:10,1
DA:11,1
DA:12,0
DA:13,0
DA:14,1
DA:15,1
DA:16,1
DA:17,1
DA:18,1
DA:19,1
DA:20,1
DA:21,1
DA:22,1
DA:23,1
DA:24,1
DA:25,1
DA:26,1
DA:27,1
DA:28,1
DA:29,1
DA:30,1
DA:31,1
DA:32,1
DA:33,1
DA:34,1
DA:35,1
DA:36,1
DA:37,1
DA:38,1
DA:39,1
DA:40,1
DA:41,1
DA:42,1
DA:43,1
DA:44,1
DA:45,1
DA:46,1
DA:47,1
DA:48,1
DA:49,1
DA:50,1
DA:51,0
DA:52,0
DA:53,1
DA:54,1
LF:54
LH:47
BRDA:5,0,0,0
BRDA:11,1,0,0
BRDA:28,2,0,0
BRDA:29,3,0,0
BRDA:30,4,0,0
BRDA:31,5,0,0
BRDA:32,6,0,0
BRDA:33,7,0,0
BRDA:34,8,0,0
BRDA:35,9,0,0
BRDA:36,10,0,0
BRDA:37,11,0,0
BRDA:38,12,0,0
BRDA:39,13,0,0
BRDA:40,14,0,0
BRDA:2,15,0,2
BRDA:4,16,0,1
BRDA:9,17,0,1
BRDA:14,18,0,1
BRDA:15,19,0,0
BRDA:17,20,0,2
BRDA:46,21,0,1
BRDA:50,22,0,0
BRF:23
BRH:6
end_of_record
TN:
SF:build/config/inversify.config.js
FN:2,Object.<anonymous>.__importDefault
FNF:1
FNH:1
FNDA:6,Object.<anonymous>.__importDefault
DA:1,1
DA:2,1
DA:3,6
DA:4,6
DA:5,1
DA:6,1
DA:7,1
DA:8,1
DA:9,1
DA:10,1
DA:11,1
DA:12,1
DA:13,1
DA:14,1
DA:15,1
DA:16,1
DA:17,1
DA:18,1
DA:19,1
DA:20,1
DA:21,1
DA:22,1
DA:23,1
DA:24,1
LF:24
LH:24
BRDA:2,0,0,6
BRDA:3,1,0,4
BRDA:3,2,0,2
BRF:3
BRH:3
end_of_record
TN:
SF:build/config/inversifySymbols.js
FNF:0
FNH:0
DA:1,1
DA:2,1
DA:3,1
DA:4,1
DA:5,1
DA:6,1
DA:7,1
DA:8,1
DA:9,1
DA:10,1
LF:10
LH:10
BRF:0
BRH:0
end_of_record
TN:
SF:build/config/keycloack.js
FN:2,Object.<anonymous>.__createBinding
FN:5,Object.<anonymous>.__createBinding
FN:9,Object.<anonymous>.__setModuleDefault
FN:11,Object.<anonymous>.__setModuleDefault
FN:14,Object.<anonymous>.__importStar
FNF:5
FNH:1
FNDA:0,Object.<anonymous>.__createBinding
FNDA:0,Object.<anonymous>.__createBinding
FNDA:0,Object.<anonymous>.__setModuleDefault
FNDA:0,Object.<anonymous>.__setModuleDefault
FNDA:1,Object.<anonymous>.__importStar
DA:1,1
DA:2,1
DA:3,0
DA:4,0
DA:5,1
DA:6,0
DA:7,0
DA:8,0
DA:9,1
DA:10,0
DA:11,1
DA:12,0
DA:13,0
DA:14,1
DA:15,1
DA:16,0
DA:17,0
DA:18,0
DA:19,0
DA:20,0
DA:21,1
DA:22,1
DA:23,1
DA:24,1
DA:25,1
DA:26,1
DA:27,1
DA:28,1
DA:29,1
DA:30,1
DA:31,1
DA:32,1
LF:32
LH:19
BRDA:5,0,0,0
BRDA:11,1,0,0
BRDA:14,2,0,1
BRDA:15,3,0,0
BRF:4
BRH:1
end_of_record
TN:
SF:build/config/knexfile.js
FN:2,Object.<anonymous>.__createBinding
FN:5,Object.<anonymous>.__createBinding
FN:9,Object.<anonymous>.__setModuleDefault
FN:11,Object.<anonymous>.__setModuleDefault
FN:14,Object.<anonymous>.__importStar
FNF:5
FNH:1
FNDA:0,Object.<anonymous>.__createBinding
FNDA:0,Object.<anonymous>.__createBinding
FNDA:0,Object.<anonymous>.__setModuleDefault
FNDA:0,Object.<anonymous>.__setModuleDefault
FNDA:1,Object.<anonymous>.__importStar
DA:1,1
DA:2,1
DA:3,0
DA:4,0
DA:5,1
DA:6,0
DA:7,0
DA:8,0
DA:9,1
DA:10,0
DA:11,1
DA:12,0
DA:13,0
DA:14,1
DA:15,1
DA:16,0
DA:17,0
DA:18,0
DA:19,0
DA:20,0
DA:21,1
DA:22,1
DA:23,1
DA:24,1
DA:25,1
DA:26,1
DA:27,1
DA:28,1
DA:29,1
DA:30,1
DA:31,1
DA:32,1
DA:33,1
DA:34,1
DA:35,1
DA:36,1
DA:37,1
DA:38,1
DA:39,1
DA:40,1
LF:40
LH:27
BRDA:5,0,0,0
BRDA:11,1,0,0
BRDA:14,2,0,1
BRDA:15,3,0,0
BRF:4
BRH:1
end_of_record
TN:
SF:build/utils/Table.js
FN:4,Table
FNF:1
FNH:1
FNDA:1,Table
DA:1,1
DA:2,1
DA:3,1
DA:4,1
DA:5,1
DA:6,1
DA:7,1
DA:8,1
DA:9,1
DA:10,1
DA:11,1
LF:11
LH:11
BRDA:4,0,0,1
BRF:1
BRH:1
end_of_record
